build/app/intermediates/proguard-rules/release/aapt_rules.txt
# Referenced at release\arm64-v8a\AndroidManifest.xml:11
-keep class androidx.core.app.CoreComponentFactory { <init>(); }
# Referenced at release\arm64-v8a\AndroidManifest.xml:15
-keep class com.hikam_ektibasat.bob.MainActivity { <init>(); }
# Referenced at release\arm64-v8a\AndroidManifest.xml:57
-keep class io.flutter.plugins.share.ShareFileProvider { <init>(); }