build/app/outputs/mapping/release/mapping.txt
# compiler: R8
# compiler_version: 1.5.64
# min_api: 16
# pg_map_id: e2d0acf
...
io.flutter.embedding.android.KeyboardManager$1 -> io.flutter.embedding.android.o$a:
io.flutter.embedding.android.KeyboardManager$PerEventCallbackBuilder -> io.flutter.embedding.android.o$b:
    android.view.KeyEvent keyEvent -> a
    io.flutter.embedding.android.KeyboardManager this$0 -> d
    int unrepliedCount -> b
    boolean isEventHandled -> c
    io.flutter.embedding.android.KeyboardManager$Responder$OnKeyEventHandledCallback buildCallback() -> a
io.flutter.embedding.android.KeyboardManager$PerEventCallbackBuilder$Callback -> io.flutter.embedding.android.o$b$a:
    io.flutter.embedding.android.KeyboardManager$PerEventCallbackBuilder this$1 -> b
    boolean isCalled -> a
    void onKeyEventHandled(java.lang.Boolean) -> a
io.flutter.embedding.android.KeyboardManager$Responder -> io.flutter.embedding.android.o$c:
    void handleEvent(android.view.KeyEvent,io.flutter.embedding.android.KeyboardManager$Responder$OnKeyEventHandledCallback) -> a
io.flutter.embedding.android.KeyboardManager$Responder$OnKeyEventHandledCallback -> io.flutter.embedding.android.o$c$a:
    void onKeyEventHandled(java.lang.Boolean) -> a
io.flutter.embedding.android.MotionEventTracker -> io.flutter.embedding.android.p:
    java.util.PriorityQueue unusedEvents -> b
    android.util.LongSparseArray eventById -> a
    io.flutter.embedding.android.MotionEventTracker INSTANCE -> c
    io.flutter.embedding.android.MotionEventTracker getInstance() -> a
    android.view.MotionEvent pop(io.flutter.embedding.android.MotionEventTracker$MotionEventId) -> a
    io.flutter.embedding.android.MotionEventTracker$MotionEventId track(android.view.MotionEvent) -> a
io.flutter.embedding.android.MotionEventTracker$MotionEventId -> io.flutter.embedding.android.p$a:
    java.util.concurrent.atomic.AtomicLong ID_COUNTER -> b
    long id -> a
    long access$000(io.flutter.embedding.android.MotionEventTracker$MotionEventId) -> a
    io.flutter.embedding.android.MotionEventTracker$MotionEventId from(long) -> a
    long getId() -> a
    io.flutter.embedding.android.MotionEventTracker$MotionEventId createUnique() -> b
io.flutter.embedding.android.RenderMode -> io.flutter.embedding.android.q:
    io.flutter.embedding.android.RenderMode texture -> b
    io.flutter.embedding.android.RenderMode image -> c
    io.flutter.embedding.android.RenderMode[] $VALUES -> d
    io.flutter.embedding.android.RenderMode surface -> a
io.flutter.embedding.android.SplashScreen -> io.flutter.embedding.android.s:
    android.view.View createSplashView(android.content.Context,android.os.Bundle) -> a
    boolean doesSplashViewRememberItsTransition() -> a
    void transitionToFlutter(java.lang.Runnable) -> a
    android.os.Bundle saveSplashScreenState() -> b
io.flutter.embedding.android.SplashScreen$-CC -> io.flutter.embedding.android.r:
    boolean io.flutter.embedding.android.SplashScreen.doesSplashViewRememberItsTransition() -> a
    android.os.Bundle io.flutter.embedding.android.SplashScreen.saveSplashScreenState() -> b
io.flutter.embedding.android.SplashScreenProvider -> io.flutter.embedding.android.t:
io.flutter.embedding.android.TransparencyMode -> io.flutter.embedding.android.u:
    io.flutter.embedding.android.TransparencyMode[] $VALUES -> c
    io.flutter.embedding.android.TransparencyMode transparent -> b
    io.flutter.embedding.android.TransparencyMode opaque -> a
io.flutter.embedding.engine.-$$Lambda$FlutterJNI$fKNoB8FUFQGoFikQU9q4OZFIOmE -> io.flutter.embedding.engine.a:
    long f$0 -> a